<?xml version="1.0" encoding="UTF-8"?>
<testsuite name="tests.OpeningMainPageTest" tests="1" skipped="0" failures="1" errors="0" timestamp="2023-10-23T16:56:28" hostname="WIN-VNKFU8S8K4U" time="16.461">
  <properties/>
  <testcase name="checkPagesTest()" classname="tests.OpeningMainPageTest" time="16.461">
    <failure message="Element should have text &quot;ПРО ПРОДУКТЫ&quot; {.cnt}&#13;&#10;Element: '&lt;div class=&quot;cnt cnt--large&quot;&gt;ABOUT PRODUCTS&#10;ABOUT DEVELOPMENT&#10;ABOUT GAMES&#10;CONFERENCES AND MEETUPS&#10;CAREER&#10;ABOUT THE COMPANY&lt;/div&gt;'&#13;&#10;Actual value: text=&quot;ABOUT PRODUCTS&#10;ABOUT DEVELOPMENT&#10;ABOUT GAMES&#10;CONFERENCES AND MEETUPS&#10;CAREER&#10;ABOUT THE COMPANY&quot;&#13;&#10;Screenshot: file:/D:/Users/user/IdeaProjects/HomeWork15/build/reports/tests/1698080202701.0.png&#13;&#10;Page source: file:/D:/Users/user/IdeaProjects/HomeWork15/build/reports/tests/1698080202701.0.html&#13;&#10;Timeout: 4 s." type="com.codeborne.selenide.ex.ElementShould">Element should have text &quot;ПРО ПРОДУКТЫ&quot; {.cnt}
Element: '&lt;div class=&quot;cnt cnt--large&quot;&gt;ABOUT PRODUCTS
ABOUT DEVELOPMENT
ABOUT GAMES
CONFERENCES AND MEETUPS
CAREER
ABOUT THE COMPANY&lt;/div&gt;'
Actual value: text=&quot;ABOUT PRODUCTS
ABOUT DEVELOPMENT
ABOUT GAMES
CONFERENCES AND MEETUPS
CAREER
ABOUT THE COMPANY&quot;
Screenshot: file:/D:/Users/user/IdeaProjects/HomeWork15/build/reports/tests/1698080202701.0.png
Page source: file:/D:/Users/user/IdeaProjects/HomeWork15/build/reports/tests/1698080202701.0.html
Timeout: 4 s.
	at app//com.codeborne.selenide.impl.WebElementSource.handleError(WebElementSource.java:149)
	at app//com.codeborne.selenide.impl.WebElementSource.checkConditionAndReturnElement(WebElementSource.java:127)
	at app//com.codeborne.selenide.impl.WebElementSource.checkCondition(WebElementSource.java:104)
	at app//com.codeborne.selenide.commands.Should.execute(Should.java:30)
	at app//com.codeborne.selenide.commands.Should.execute(Should.java:14)
	at app//com.codeborne.selenide.commands.Commands.execute(Commands.java:162)
	at app//com.codeborne.selenide.impl.SelenideElementProxy.dispatchAndRetry(SelenideElementProxy.java:132)
	at app//com.codeborne.selenide.impl.SelenideElementProxy.invoke(SelenideElementProxy.java:84)
	at app/jdk.proxy3/jdk.proxy3.$Proxy15.shouldHave(Unknown Source)
	at app//pages.TextBoxPage.checkAboutProducts(TextBoxPage.java:47)
	at app//tests.OpeningMainPageTest.lambda$checkPagesTest$1(OpeningMainPageTest.java:24)
	at app//io.qameta.allure.Allure.lambda$step$0(Allure.java:113)
	at app//io.qameta.allure.Allure.lambda$step$1(Allure.java:127)
	at app//io.qameta.allure.Allure.step(Allure.java:181)
	at app//io.qameta.allure.Allure.step(Allure.java:125)
	at app//io.qameta.allure.Allure.step(Allure.java:112)
	at app//tests.OpeningMainPageTest.checkPagesTest(OpeningMainPageTest.java:23)
	at java.base@18.0.2/java.lang.reflect.Method.invoke(Method.java:577)
	at java.base@18.0.2/java.util.ArrayList.forEach(ArrayList.java:1511)
	at java.base@18.0.2/java.util.ArrayList.forEach(ArrayList.java:1511)
</failure>
  </testcase>
  <system-out><![CDATA[]]></system-out>
  <system-err><![CDATA[[Test worker] INFO com.codeborne.selenide.impl.WebDriverThreadLocalContainer - No webdriver is bound to current thread: 1 - let's create a new webdriver
[Test worker] INFO com.codeborne.selenide.webdriver.WebDriverFactory - BrowserName=chrome Version=100.0.4896.60 Platform=linux
[Test worker] INFO com.codeborne.selenide.webdriver.WebDriverFactory - Selenide v. 6.16.1
[Test worker] INFO com.codeborne.selenide.webdriver.WebDriverFactory - Selenium WebDriver v. 4.10.0 build revision: c14d967899
[Test worker] INFO com.codeborne.selenide.drivercommands.CreateDriverCommand - Created webdriver in thread 1: RemoteWebDriver -> RemoteWebDriver: chrome on linux (28dd618826990e19ad9ab16b27a4fbef)
[Test worker] INFO com.codeborne.selenide.drivercommands.DisposablesRegistry - Register WebDriverInstance[config=StaticConfig,webDriver=RemoteWebDriver: chrome on linux (28dd618826990e19ad9ab16b27a4fbef),proxy=null,downloadsFolder=null] in 1 [size=1]
[Test worker] INFO com.codeborne.selenide.drivercommands.DisposablesRegistry - Add shutdown hook in 1 [size=1]
[Test worker] INFO com.codeborne.selenide.drivercommands.CloseDriverCommand - Close webdriver: 1 -> RemoteWebDriver: chrome on linux (28dd618826990e19ad9ab16b27a4fbef)...
[Test worker] INFO com.codeborne.selenide.drivercommands.CloseDriverCommand - Closed webdriver 1 in 116 ms
[Test worker] INFO com.codeborne.selenide.drivercommands.DisposablesRegistry - Unregister WebDriverInstance[config=StaticConfig,webDriver=RemoteWebDriver: chrome on linux (null),proxy=null,downloadsFolder=null] in 1 [size=0]
]]></system-err>
</testsuite>
