<?xml version="1.0" encoding="UTF-8"?>
<testsuite name="tinkoff.tests.LookingForVacancyOfQATest" tests="2" skipped="0" failures="2" errors="0" timestamp="2023-09-18T20:41:53" hostname="WIN-VNKFU8S8K4U" time="10.057">
  <properties/>
  <testcase name="articlesOpen()" classname="tinkoff.tests.LookingForVacancyOfQATest" time="9.982">
    <failure message="Element should have text &quot;Как писать в резюме об опыте работы и навыках&quot; {[role='heading']}&#13;&#10;Element: '&lt;div data-guid=&quot;71481851-7e33-46aa-822c-677cfac52a10&quot; data-test=&quot;atom-container&quot; role=&quot;heading&quot;&gt;ИТ-направления в Тинькофф&#10;Выберите направление и узнайте больше о команде, технологиях, проектах, процессах и преимуществах&lt;/div&gt;'&#13;&#10;Actual value: text=&quot;ИТ-направления в Тинькофф&#10;Выберите направление и узнайте больше о команде, технологиях, проектах, процессах и преимуществах&quot;&#13;&#10;Screenshot: file:/D:/Users/user/IdeaProjects/HomeWork15/build/reports/tests/1695069719895.0.png&#13;&#10;Page source: file:/D:/Users/user/IdeaProjects/HomeWork15/build/reports/tests/1695069719895.0.html&#13;&#10;Timeout: 4 s." type="com.codeborne.selenide.ex.ElementShould">Element should have text &quot;Как писать в резюме об опыте работы и навыках&quot; {[role='heading']}
Element: '&lt;div data-guid=&quot;71481851-7e33-46aa-822c-677cfac52a10&quot; data-test=&quot;atom-container&quot; role=&quot;heading&quot;&gt;ИТ-направления в Тинькофф
Выберите направление и узнайте больше о команде, технологиях, проектах, процессах и преимуществах&lt;/div&gt;'
Actual value: text=&quot;ИТ-направления в Тинькофф
Выберите направление и узнайте больше о команде, технологиях, проектах, процессах и преимуществах&quot;
Screenshot: file:/D:/Users/user/IdeaProjects/HomeWork15/build/reports/tests/1695069719895.0.png
Page source: file:/D:/Users/user/IdeaProjects/HomeWork15/build/reports/tests/1695069719895.0.html
Timeout: 4 s.
	at app//com.codeborne.selenide.impl.WebElementSource.handleError(WebElementSource.java:149)
	at app//com.codeborne.selenide.impl.WebElementSource.checkConditionAndReturnElement(WebElementSource.java:127)
	at app//com.codeborne.selenide.impl.WebElementSource.checkCondition(WebElementSource.java:104)
	at app//com.codeborne.selenide.commands.Should.execute(Should.java:30)
	at app//com.codeborne.selenide.commands.Should.execute(Should.java:14)
	at app//com.codeborne.selenide.commands.Commands.execute(Commands.java:162)
	at app//com.codeborne.selenide.impl.SelenideElementProxy.dispatchAndRetry(SelenideElementProxy.java:132)
	at app//com.codeborne.selenide.impl.SelenideElementProxy.invoke(SelenideElementProxy.java:84)
	at app/jdk.proxy3/jdk.proxy3.$Proxy18.shouldHave(Unknown Source)
	at app//tinkoff.tests.LookingForVacancyOfQATest.articlesOpen(LookingForVacancyOfQATest.java:39)
	at java.base@18.0.2/java.lang.reflect.Method.invoke(Method.java:577)
	at java.base@18.0.2/java.util.ArrayList.forEach(ArrayList.java:1511)
	at java.base@18.0.2/java.util.ArrayList.forEach(ArrayList.java:1511)
</failure>
  </testcase>
  <testcase name="lookingVacancyTest()" classname="tinkoff.tests.LookingForVacancyOfQATest" time="0.008">
    <failure message="java.lang.IllegalStateException: No webdriver is bound to current thread: 1. You need to call open(url) first." type="java.lang.IllegalStateException">java.lang.IllegalStateException: No webdriver is bound to current thread: 1. You need to call open(url) first.
	at com.codeborne.selenide.impl.WebDriverThreadLocalContainer.lambda$getWebDriver$1(WebDriverThreadLocalContainer.java:144)
	at java.base/java.util.Optional.orElseThrow(Optional.java:403)
	at com.codeborne.selenide.impl.WebDriverThreadLocalContainer.getWebDriver(WebDriverThreadLocalContainer.java:143)
	at com.codeborne.selenide.WebDriverRunner.getWebDriver(WebDriverRunner.java:112)
	at com.codeborne.selenide.impl.StaticDriver.getWebDriver(StaticDriver.java:51)
	at com.codeborne.selenide.impl.WebElementSelector.findElement(WebElementSelector.java:40)
	at com.codeborne.selenide.impl.WebElementSelector.findElement(WebElementSelector.java:33)
	at com.codeborne.selenide.impl.ElementFinder.getWebElement(ElementFinder.java:122)
	at com.codeborne.selenide.impl.WebElementSource.checkConditionAndReturnElement(WebElementSource.java:116)
	at com.codeborne.selenide.impl.WebElementSource.findAndAssertElementIsClickable(WebElementSource.java:173)
	at com.codeborne.selenide.commands.Click.findElement(Click.java:46)
	at com.codeborne.selenide.commands.Click.execute(Click.java:28)
	at com.codeborne.selenide.commands.Click.execute(Click.java:21)
	at com.codeborne.selenide.commands.Commands.execute(Commands.java:162)
	at com.codeborne.selenide.impl.SelenideElementProxy.dispatchAndRetry(SelenideElementProxy.java:132)
	at com.codeborne.selenide.impl.SelenideElementProxy.invoke(SelenideElementProxy.java:84)
	at jdk.proxy3/jdk.proxy3.$Proxy18.click(Unknown Source)
	at tinkoff.tests.LookingForVacancyOfQATest.lookingVacancyTest(LookingForVacancyOfQATest.java:22)
	at java.base/java.lang.reflect.Method.invoke(Method.java:577)
	at java.base/java.util.ArrayList.forEach(ArrayList.java:1511)
	at java.base/java.util.ArrayList.forEach(ArrayList.java:1511)
	Suppressed: java.lang.IllegalStateException: No webdriver is bound to current thread: 1. You need to call open(url) first.
		at com.codeborne.selenide.impl.WebDriverThreadLocalContainer.lambda$getWebDriver$1(WebDriverThreadLocalContainer.java:144)
		at java.base/java.util.Optional.orElseThrow(Optional.java:403)
		at com.codeborne.selenide.impl.WebDriverThreadLocalContainer.getWebDriver(WebDriverThreadLocalContainer.java:143)
		at com.codeborne.selenide.WebDriverRunner.getWebDriver(WebDriverRunner.java:112)
		at tinkoff.helpers.Attach.screenshotAs(Attach.java:19)
		at tinkoff.tests.TestBase.addAttachments(TestBase.java:41)
		at java.base/java.lang.reflect.Method.invoke(Method.java:577)
		at io.qameta.allure.junit5.AllureJunit5.processFixture(AllureJunit5.java:138)
		at io.qameta.allure.junit5.AllureJunit5.interceptAfterEachMethod(AllureJunit5.java:124)
		... 2 more
</failure>
  </testcase>
  <system-out><![CDATA[]]></system-out>
  <system-err><![CDATA[[Test worker] INFO com.codeborne.selenide.impl.WebDriverThreadLocalContainer - No webdriver is bound to current thread: 1 - let's create a new webdriver
[Test worker] INFO com.codeborne.selenide.webdriver.WebDriverFactory - BrowserName=chrome Version=100.0.4896.60 Platform=linux
[Test worker] INFO com.codeborne.selenide.webdriver.WebDriverFactory - Selenide v. 6.16.0
[Test worker] INFO com.codeborne.selenide.webdriver.WebDriverFactory - Selenium WebDriver v. 4.10.0 build revision: c14d967899
[Test worker] INFO com.codeborne.selenide.drivercommands.CreateDriverCommand - Created webdriver in thread 1: RemoteWebDriver -> RemoteWebDriver: chrome on linux (04ef72a11a9f2ee02ddbb58c24a789dc)
[Test worker] INFO com.codeborne.selenide.drivercommands.DisposablesRegistry - Register WebDriverInstance[config=StaticConfig,webDriver=RemoteWebDriver: chrome on linux (04ef72a11a9f2ee02ddbb58c24a789dc),proxy=null,downloadsFolder=null] in 1 [size=1]
[Test worker] INFO com.codeborne.selenide.drivercommands.DisposablesRegistry - Add shutdown hook in 1 [size=1]
[Test worker] INFO com.codeborne.selenide.drivercommands.CloseDriverCommand - Close webdriver: 1 -> RemoteWebDriver: chrome on linux (04ef72a11a9f2ee02ddbb58c24a789dc)...
[Test worker] INFO com.codeborne.selenide.drivercommands.CloseDriverCommand - Closed webdriver 1 in 483 ms
[Test worker] INFO com.codeborne.selenide.drivercommands.DisposablesRegistry - Unregister WebDriverInstance[config=StaticConfig,webDriver=RemoteWebDriver: chrome on linux (null),proxy=null,downloadsFolder=null] in 1 [size=0]
]]></system-err>
</testsuite>
