<?xml version="1.0" encoding="UTF-8"?>
<testsuite name="tinkoff.tests.ReadArticleTest" tests="1" skipped="1" failures="0" errors="0" timestamp="2023-09-19T15:15:46" hostname="WIN-VNKFU8S8K4U" time="0.001">
  <properties/>
  <testcase name="articlesOpen()" classname="tinkoff.tests.ReadArticleTest" time="0.001">
    <skipped/>
  </testcase>
  <system-out><![CDATA[]]></system-out>
  <system-err><![CDATA[[Test worker] INFO com.codeborne.selenide.impl.WebDriverThreadLocalContainer - No webdriver is bound to current thread: 1 - let's create a new webdriver
[Test worker] INFO com.codeborne.selenide.impl.FileHelper - Creating folder: D:\Users\user\IdeaProjects\HomeWork15\build\downloads\1695136539091_14716_1
[Test worker] INFO io.github.bonigarcia.wdm.WebDriverManager - Using chromedriver 116.0.5845.96 (resolved driver for Chrome 116)
[Test worker] INFO io.github.bonigarcia.wdm.WebDriverManager - Exporting webdriver.chrome.driver as C:\Users\user\.cache\selenium\chromedriver\win64\116.0.5845.96\chromedriver.exe
сент. 19, 2023 6:15:42 PM org.openqa.selenium.remote.service.DriverService$Builder getLogOutput
INFO: Driver logs no longer sent to console by default; https://www.selenium.dev/documentation/webdriver/drivers/service/#setting-log-output
[Test worker] INFO com.codeborne.selenide.webdriver.SelenideNettyClientFactory - Changed readTimeout from PT3M to PT1M30S
[Test worker] INFO com.codeborne.selenide.webdriver.SelenideNettyClientFactory - Changed readTimeout from PT3M to PT1M30S
[Test worker] INFO com.codeborne.selenide.webdriver.SelenideNettyClientFactory - Changed readTimeout from PT3M to PT1M30S
сент. 19, 2023 6:15:44 PM org.openqa.selenium.devtools.CdpVersionFinder findNearestMatch
WARNING: Unable to find an exact match for CDP version 116, so returning the closest version found: 114
[Test worker] INFO com.codeborne.selenide.webdriver.WebDriverFactory - BrowserName=chrome Version=116.0.5845.188 Platform=windows
[Test worker] INFO com.codeborne.selenide.webdriver.WebDriverFactory - Selenide v. 6.16.0
[Test worker] INFO com.codeborne.selenide.webdriver.WebDriverFactory - Selenium WebDriver v. 4.10.0 build revision: c14d967899
[Test worker] INFO com.codeborne.selenide.drivercommands.CreateDriverCommand - Created webdriver in thread 1: ChromeDriver -> ChromeDriver: chrome on windows (0ea6d9fbf037e3d58cf2a839655a8c33)
[Test worker] INFO com.codeborne.selenide.drivercommands.DisposablesRegistry - Register WebDriverInstance[config=StaticConfig,webDriver=ChromeDriver: chrome on windows (0ea6d9fbf037e3d58cf2a839655a8c33),proxy=null,downloadsFolder=D:\Users\user\IdeaProjects\HomeWork15\build\downloads\1695136539091_14716_1] in 1 [size=1]
[Test worker] INFO com.codeborne.selenide.drivercommands.DisposablesRegistry - Add shutdown hook in 1 [size=1]
]]></system-err>
</testsuite>
