<?xml version="1.0" encoding="UTF-8"?>
<testsuite name="tests.FormOfCareer" tests="1" skipped="0" failures="0" errors="0" timestamp="2023-10-23T15:25:34" hostname="WIN-VNKFU8S8K4U" time="11.87">
  <properties/>
  <testcase name="fillFormOfCareerTest()" classname="tests.FormOfCareer" time="11.87"/>
  <system-out><![CDATA[]]></system-out>
  <system-err><![CDATA[[Test worker] INFO com.codeborne.selenide.impl.WebDriverThreadLocalContainer - No webdriver is bound to current thread: 1 - let's create a new webdriver
[Test worker] INFO com.codeborne.selenide.webdriver.WebDriverFactory - BrowserName=chrome Version=100.0.4896.60 Platform=linux
[Test worker] INFO com.codeborne.selenide.webdriver.WebDriverFactory - Selenide v. 6.16.1
[Test worker] INFO com.codeborne.selenide.webdriver.WebDriverFactory - Selenium WebDriver v. 4.10.0 build revision: c14d967899
[Test worker] INFO com.codeborne.selenide.drivercommands.CreateDriverCommand - Created webdriver in thread 1: RemoteWebDriver -> RemoteWebDriver: chrome on linux (57f977b5920b1b2e57d0c4d4eb3590aa)
[Test worker] INFO com.codeborne.selenide.drivercommands.DisposablesRegistry - Register WebDriverInstance[config=StaticConfig,webDriver=RemoteWebDriver: chrome on linux (57f977b5920b1b2e57d0c4d4eb3590aa),proxy=null,downloadsFolder=null] in 1 [size=1]
]]></system-err>
</testsuite>
